<?xml version="1.0" encoding="UTF-8"?>
<testsuite xmlns:xsi="http://www.w3.org/2001/XMLSchema-instance" xsi:noNamespaceSchemaLocation="https://maven.apache.org/surefire/maven-surefire-plugin/xsd/surefire-test-report.xsd" name="cn.wangkf.client.CategoryClientTest" time="0.245" tests="1" errors="1" skipped="0" failures="0">
  <properties>
    <property name="sun.desktop" value="windows"/>
    <property name="awt.toolkit" value="sun.awt.windows.WToolkit"/>
    <property name="file.encoding.pkg" value="sun.io"/>
    <property name="java.specification.version" value="1.8"/>
    <property name="sun.cpu.isalist" value="amd64"/>
    <property name="sun.jnu.encoding" value="GBK"/>
    <property name="java.class.path" value="E:\myproject\legou\legou-master\legou-search\target\test-classes;E:\myproject\legou\legou-master\legou-search\target\classes;D:\my_maven_local_repository\org\springframework\boot\spring-boot-starter-web\2.0.4.RELEASE\spring-boot-starter-web-2.0.4.RELEASE.jar;D:\my_maven_local_repository\org\springframework\boot\spring-boot-starter\2.0.4.RELEASE\spring-boot-starter-2.0.4.RELEASE.jar;D:\my_maven_local_repository\org\springframework\boot\spring-boot\2.0.4.RELEASE\spring-boot-2.0.4.RELEASE.jar;D:\my_maven_local_repository\org\springframework\boot\spring-boot-autoconfigure\2.0.4.RELEASE\spring-boot-autoconfigure-2.0.4.RELEASE.jar;D:\my_maven_local_repository\org\springframework\boot\spring-boot-starter-logging\2.0.4.RELEASE\spring-boot-starter-logging-2.0.4.RELEASE.jar;D:\my_maven_local_repository\ch\qos\logback\logback-classic\1.2.3\logback-classic-1.2.3.jar;D:\my_maven_local_repository\ch\qos\logback\logback-core\1.2.3\logback-core-1.2.3.jar;D:\my_maven_local_repository\org\apache\logging\log4j\log4j-to-slf4j\2.10.0\log4j-to-slf4j-2.10.0.jar;D:\my_maven_local_repository\org\slf4j\jul-to-slf4j\1.7.25\jul-to-slf4j-1.7.25.jar;D:\my_maven_local_repository\javax\annotation\javax.annotation-api\1.3.2\javax.annotation-api-1.3.2.jar;D:\my_maven_local_repository\org\yaml\snakeyaml\1.19\snakeyaml-1.19.jar;D:\my_maven_local_repository\org\springframework\boot\spring-boot-starter-json\2.0.4.RELEASE\spring-boot-starter-json-2.0.4.RELEASE.jar;D:\my_maven_local_repository\com\fasterxml\jackson\core\jackson-databind\2.9.7\jackson-databind-2.9.7.jar;D:\my_maven_local_repository\com\fasterxml\jackson\datatype\jackson-datatype-jdk8\2.9.7\jackson-datatype-jdk8-2.9.7.jar;D:\my_maven_local_repository\com\fasterxml\jackson\datatype\jackson-datatype-jsr310\2.9.7\jackson-datatype-jsr310-2.9.7.jar;D:\my_maven_local_repository\com\fasterxml\jackson\module\jackson-module-parameter-names\2.9.7\jackson-module-parameter-names-2.9.7.jar;D:\my_maven_local_repository\org\springframework\boot\spring-boot-starter-tomcat\2.0.4.RELEASE\spring-boot-starter-tomcat-2.0.4.RELEASE.jar;D:\my_maven_local_repository\org\apache\tomcat\embed\tomcat-embed-core\8.5.32\tomcat-embed-core-8.5.32.jar;D:\my_maven_local_repository\org\apache\tomcat\embed\tomcat-embed-el\8.5.32\tomcat-embed-el-8.5.32.jar;D:\my_maven_local_repository\org\apache\tomcat\embed\tomcat-embed-websocket\8.5.32\tomcat-embed-websocket-8.5.32.jar;D:\my_maven_local_repository\org\hibernate\validator\hibernate-validator\6.0.11.Final\hibernate-validator-6.0.11.Final.jar;D:\my_maven_local_repository\javax\validation\validation-api\2.0.1.Final\validation-api-2.0.1.Final.jar;D:\my_maven_local_repository\org\jboss\logging\jboss-logging\3.3.2.Final\jboss-logging-3.3.2.Final.jar;D:\my_maven_local_repository\com\fasterxml\classmate\1.3.4\classmate-1.3.4.jar;D:\my_maven_local_repository\org\springframework\spring-web\5.0.8.RELEASE\spring-web-5.0.8.RELEASE.jar;D:\my_maven_local_repository\org\springframework\spring-beans\5.0.8.RELEASE\spring-beans-5.0.8.RELEASE.jar;D:\my_maven_local_repository\org\springframework\spring-webmvc\5.0.6.RELEASE\spring-webmvc-5.0.6.RELEASE.jar;D:\my_maven_local_repository\org\springframework\spring-aop\5.0.8.RELEASE\spring-aop-5.0.8.RELEASE.jar;D:\my_maven_local_repository\org\springframework\spring-context\5.0.8.RELEASE\spring-context-5.0.8.RELEASE.jar;D:\my_maven_local_repository\org\springframework\spring-expression\5.0.8.RELEASE\spring-expression-5.0.8.RELEASE.jar;D:\my_maven_local_repository\org\springframework\cloud\spring-cloud-starter-netflix-eureka-client\2.0.0.RELEASE\spring-cloud-starter-netflix-eureka-client-2.0.0.RELEASE.jar;D:\my_maven_local_repository\org\springframework\cloud\spring-cloud-starter\2.0.0.RELEASE\spring-cloud-starter-2.0.0.RELEASE.jar;D:\my_maven_local_repository\org\springframework\cloud\spring-cloud-context\2.0.0.RELEASE\spring-cloud-context-2.0.0.RELEASE.jar;D:\my_maven_local_repository\org\springframework\security\spring-security-rsa\1.0.5.RELEASE\spring-security-rsa-1.0.5.RELEASE.jar;D:\my_maven_local_repository\org\bouncycastle\bcpkix-jdk15on\1.56\bcpkix-jdk15on-1.56.jar;D:\my_maven_local_repository\org\bouncycastle\bcprov-jdk15on\1.56\bcprov-jdk15on-1.56.jar;D:\my_maven_local_repository\org\springframework\cloud\spring-cloud-netflix-core\2.0.0.RELEASE\spring-cloud-netflix-core-2.0.0.RELEASE.jar;D:\my_maven_local_repository\org\springframework\boot\spring-boot-starter-aop\2.0.4.RELEASE\spring-boot-starter-aop-2.0.4.RELEASE.jar;D:\my_maven_local_repository\org\aspectj\aspectjweaver\1.8.13\aspectjweaver-1.8.13.jar;D:\my_maven_local_repository\org\springframework\cloud\spring-cloud-netflix-eureka-client\2.0.0.RELEASE\spring-cloud-netflix-eureka-client-2.0.0.RELEASE.jar;D:\my_maven_local_repository\com\netflix\eureka\eureka-client\1.9.2\eureka-client-1.9.2.jar;D:\my_maven_local_repository\org\codehaus\jettison\jettison\1.3.7\jettison-1.3.7.jar;D:\my_maven_local_repository\stax\stax-api\1.0.1\stax-api-1.0.1.jar;D:\my_maven_local_repository\com\netflix\netflix-commons\netflix-eventbus\0.3.0\netflix-eventbus-0.3.0.jar;D:\my_maven_local_repository\com\netflix\netflix-commons\netflix-infix\0.3.0\netflix-infix-0.3.0.jar;D:\my_maven_local_repository\commons-jxpath\commons-jxpath\1.3\commons-jxpath-1.3.jar;D:\my_maven_local_repository\org\antlr\antlr-runtime\3.4\antlr-runtime-3.4.jar;D:\my_maven_local_repository\org\antlr\stringtemplate\3.2.1\stringtemplate-3.2.1.jar;D:\my_maven_local_repository\antlr\antlr\2.7.7\antlr-2.7.7.jar;D:\my_maven_local_repository\com\google\code\gson\gson\2.8.5\gson-2.8.5.jar;D:\my_maven_local_repository\org\apache\commons\commons-math\2.2\commons-math-2.2.jar;D:\my_maven_local_repository\com\netflix\archaius\archaius-core\0.7.6\archaius-core-0.7.6.jar;D:\my_maven_local_repository\com\google\guava\guava\16.0\guava-16.0.jar;D:\my_maven_local_repository\javax\ws\rs\jsr311-api\1.1.1\jsr311-api-1.1.1.jar;D:\my_maven_local_repository\com\netflix\servo\servo-core\0.12.21\servo-core-0.12.21.jar;D:\my_maven_local_repository\com\sun\jersey\jersey-core\1.19.1\jersey-core-1.19.1.jar;D:\my_maven_local_repository\com\sun\jersey\jersey-client\1.19.1\jersey-client-1.19.1.jar;D:\my_maven_local_repository\com\sun\jersey\contribs\jersey-apache-client4\1.19.1\jersey-apache-client4-1.19.1.jar;D:\my_maven_local_repository\org\apache\httpcomponents\httpclient\4.5.6\httpclient-4.5.6.jar;D:\my_maven_local_repository\org\apache\httpcomponents\httpcore\4.4.10\httpcore-4.4.10.jar;D:\my_maven_local_repository\commons-codec\commons-codec\1.11\commons-codec-1.11.jar;D:\my_maven_local_repository\com\google\inject\guice\4.1.0\guice-4.1.0.jar;D:\my_maven_local_repository\javax\inject\javax.inject\1\javax.inject-1.jar;D:\my_maven_local_repository\aopalliance\aopalliance\1.0\aopalliance-1.0.jar;D:\my_maven_local_repository\com\github\vlsi\compactmap\compactmap\1.2.1\compactmap-1.2.1.jar;D:\my_maven_local_repository\com\github\andrewoma\dexx\dexx-collections\0.2\dexx-collections-0.2.jar;D:\my_maven_local_repository\com\fasterxml\jackson\core\jackson-annotations\2.9.7\jackson-annotations-2.9.7.jar;D:\my_maven_local_repository\com\fasterxml\jackson\core\jackson-core\2.9.7\jackson-core-2.9.7.jar;D:\my_maven_local_repository\com\netflix\eureka\eureka-core\1.9.2\eureka-core-1.9.2.jar;D:\my_maven_local_repository\org\codehaus\woodstox\woodstox-core-asl\4.4.1\woodstox-core-asl-4.4.1.jar;D:\my_maven_local_repository\javax\xml\stream\stax-api\1.0-2\stax-api-1.0-2.jar;D:\my_maven_local_repository\org\codehaus\woodstox\stax2-api\3.1.4\stax2-api-3.1.4.jar;D:\my_maven_local_repository\org\springframework\cloud\spring-cloud-starter-netflix-archaius\2.0.0.RELEASE\spring-cloud-starter-netflix-archaius-2.0.0.RELEASE.jar;D:\my_maven_local_repository\org\springframework\cloud\spring-cloud-netflix-ribbon\2.0.0.RELEASE\spring-cloud-netflix-ribbon-2.0.0.RELEASE.jar;D:\my_maven_local_repository\org\springframework\cloud\spring-cloud-netflix-archaius\2.0.0.RELEASE\spring-cloud-netflix-archaius-2.0.0.RELEASE.jar;D:\my_maven_local_repository\commons-configuration\commons-configuration\1.8\commons-configuration-1.8.jar;D:\my_maven_local_repository\commons-lang\commons-lang\2.6\commons-lang-2.6.jar;D:\my_maven_local_repository\org\springframework\cloud\spring-cloud-starter-netflix-ribbon\2.0.0.RELEASE\spring-cloud-starter-netflix-ribbon-2.0.0.RELEASE.jar;D:\my_maven_local_repository\com\netflix\ribbon\ribbon\2.2.5\ribbon-2.2.5.jar;D:\my_maven_local_repository\com\netflix\ribbon\ribbon-transport\2.2.5\ribbon-transport-2.2.5.jar;D:\my_maven_local_repository\io\reactivex\rxnetty-contexts\0.4.9\rxnetty-contexts-0.4.9.jar;D:\my_maven_local_repository\io\reactivex\rxnetty-servo\0.4.9\rxnetty-servo-0.4.9.jar;D:\my_maven_local_repository\io\reactivex\rxnetty\0.4.9\rxnetty-0.4.9.jar;D:\my_maven_local_repository\io\netty\netty-transport-native-epoll\4.1.27.Final\netty-transport-native-epoll-4.1.27.Final.jar;D:\my_maven_local_repository\io\netty\netty-transport-native-unix-common\4.1.27.Final\netty-transport-native-unix-common-4.1.27.Final.jar;D:\my_maven_local_repository\com\netflix\ribbon\ribbon-core\2.2.5\ribbon-core-2.2.5.jar;D:\my_maven_local_repository\com\netflix\ribbon\ribbon-httpclient\2.2.5\ribbon-httpclient-2.2.5.jar;D:\my_maven_local_repository\commons-collections\commons-collections\3.2.2\commons-collections-3.2.2.jar;D:\my_maven_local_repository\com\netflix\netflix-commons\netflix-commons-util\0.3.0\netflix-commons-util-0.3.0.jar;D:\my_maven_local_repository\com\netflix\ribbon\ribbon-loadbalancer\2.2.5\ribbon-loadbalancer-2.2.5.jar;D:\my_maven_local_repository\com\netflix\netflix-commons\netflix-statistics\0.1.1\netflix-statistics-0.1.1.jar;D:\my_maven_local_repository\io\reactivex\rxjava\1.3.8\rxjava-1.3.8.jar;D:\my_maven_local_repository\com\netflix\ribbon\ribbon-eureka\2.2.5\ribbon-eureka-2.2.5.jar;D:\my_maven_local_repository\org\slf4j\slf4j-api\1.7.25\slf4j-api-1.7.25.jar;D:\my_maven_local_repository\com\thoughtworks\xstream\xstream\1.4.10\xstream-1.4.10.jar;D:\my_maven_local_repository\xmlpull\xmlpull\1.1.3.1\xmlpull-1.1.3.1.jar;D:\my_maven_local_repository\xpp3\xpp3_min\1.1.4c\xpp3_min-1.1.4c.jar;D:\my_maven_local_repository\org\springframework\cloud\spring-cloud-starter-openfeign\2.0.0.RELEASE\spring-cloud-starter-openfeign-2.0.0.RELEASE.jar;D:\my_maven_local_repository\org\springframework\cloud\spring-cloud-openfeign-core\2.0.0.RELEASE\spring-cloud-openfeign-core-2.0.0.RELEASE.jar;D:\my_maven_local_repository\org\springframework\cloud\spring-cloud-commons\2.0.0.RELEASE\spring-cloud-commons-2.0.0.RELEASE.jar;D:\my_maven_local_repository\org\springframework\security\spring-security-crypto\5.1.0.RELEASE\spring-security-crypto-5.1.0.RELEASE.jar;D:\my_maven_local_repository\io\github\openfeign\feign-core\9.5.1\feign-core-9.5.1.jar;D:\my_maven_local_repository\io\github\openfeign\feign-slf4j\9.5.1\feign-slf4j-9.5.1.jar;D:\my_maven_local_repository\io\github\openfeign\feign-hystrix\9.5.1\feign-hystrix-9.5.1.jar;D:\my_maven_local_repository\com\netflix\hystrix\hystrix-core\1.5.12\hystrix-core-1.5.12.jar;D:\my_maven_local_repository\org\hdrhistogram\HdrHistogram\2.1.9\HdrHistogram-2.1.9.jar;D:\my_maven_local_repository\io\github\openfeign\feign-java8\9.5.1\feign-java8-9.5.1.jar;D:\my_maven_local_repository\org\springframework\boot\spring-boot-starter-amqp\2.1.0.M4\spring-boot-starter-amqp-2.1.0.M4.jar;D:\my_maven_local_repository\org\springframework\spring-messaging\5.0.8.RELEASE\spring-messaging-5.0.8.RELEASE.jar;D:\my_maven_local_repository\org\springframework\amqp\spring-rabbit\2.0.5.RELEASE\spring-rabbit-2.0.5.RELEASE.jar;D:\my_maven_local_repository\org\springframework\amqp\spring-amqp\2.0.5.RELEASE\spring-amqp-2.0.5.RELEASE.jar;D:\my_maven_local_repository\com\rabbitmq\amqp-client\5.1.2\amqp-client-5.1.2.jar;D:\my_maven_local_repository\org\springframework\spring-tx\5.0.8.RELEASE\spring-tx-5.0.8.RELEASE.jar;D:\my_maven_local_repository\org\springframework\retry\spring-retry\1.2.2.RELEASE\spring-retry-1.2.2.RELEASE.jar;D:\my_maven_local_repository\org\springframework\boot\spring-boot-starter-data-elasticsearch\2.0.4.RELEASE\spring-boot-starter-data-elasticsearch-2.0.4.RELEASE.jar;D:\my_maven_local_repository\org\springframework\data\spring-data-elasticsearch\3.0.9.RELEASE\spring-data-elasticsearch-3.0.9.RELEASE.jar;D:\my_maven_local_repository\org\springframework\data\spring-data-commons\2.0.9.RELEASE\spring-data-commons-2.0.9.RELEASE.jar;D:\my_maven_local_repository\joda-time\joda-time\2.9.9\joda-time-2.9.9.jar;D:\my_maven_local_repository\org\elasticsearch\client\transport\5.6.10\transport-5.6.10.jar;D:\my_maven_local_repository\org\elasticsearch\elasticsearch\5.6.10\elasticsearch-5.6.10.jar;D:\my_maven_local_repository\org\apache\lucene\lucene-core\6.6.1\lucene-core-6.6.1.jar;D:\my_maven_local_repository\org\apache\lucene\lucene-analyzers-common\6.6.1\lucene-analyzers-common-6.6.1.jar;D:\my_maven_local_repository\org\apache\lucene\lucene-backward-codecs\6.6.1\lucene-backward-codecs-6.6.1.jar;D:\my_maven_local_repository\org\apache\lucene\lucene-grouping\6.6.1\lucene-grouping-6.6.1.jar;D:\my_maven_local_repository\org\apache\lucene\lucene-highlighter\6.6.1\lucene-highlighter-6.6.1.jar;D:\my_maven_local_repository\org\apache\lucene\lucene-join\6.6.1\lucene-join-6.6.1.jar;D:\my_maven_local_repository\org\apache\lucene\lucene-memory\6.6.1\lucene-memory-6.6.1.jar;D:\my_maven_local_repository\org\apache\lucene\lucene-misc\6.6.1\lucene-misc-6.6.1.jar;D:\my_maven_local_repository\org\apache\lucene\lucene-queries\6.6.1\lucene-queries-6.6.1.jar;D:\my_maven_local_repository\org\apache\lucene\lucene-queryparser\6.6.1\lucene-queryparser-6.6.1.jar;D:\my_maven_local_repository\org\apache\lucene\lucene-sandbox\6.6.1\lucene-sandbox-6.6.1.jar;D:\my_maven_local_repository\org\apache\lucene\lucene-spatial\6.6.1\lucene-spatial-6.6.1.jar;D:\my_maven_local_repository\org\apache\lucene\lucene-spatial-extras\6.6.1\lucene-spatial-extras-6.6.1.jar;D:\my_maven_local_repository\org\apache\lucene\lucene-spatial3d\6.6.1\lucene-spatial3d-6.6.1.jar;D:\my_maven_local_repository\org\apache\lucene\lucene-suggest\6.6.1\lucene-suggest-6.6.1.jar;D:\my_maven_local_repository\org\elasticsearch\securesm\1.2\securesm-1.2.jar;D:\my_maven_local_repository\net\sf\jopt-simple\jopt-simple\5.0.2\jopt-simple-5.0.2.jar;D:\my_maven_local_repository\com\carrotsearch\hppc\0.7.1\hppc-0.7.1.jar;D:\my_maven_local_repository\com\fasterxml\jackson\dataformat\jackson-dataformat-smile\2.9.7\jackson-dataformat-smile-2.9.7.jar;D:\my_maven_local_repository\com\fasterxml\jackson\dataformat\jackson-dataformat-yaml\2.9.7\jackson-dataformat-yaml-2.9.7.jar;D:\my_maven_local_repository\com\fasterxml\jackson\dataformat\jackson-dataformat-cbor\2.9.7\jackson-dataformat-cbor-2.9.7.jar;D:\my_maven_local_repository\com\tdunning\t-digest\3.0\t-digest-3.0.jar;D:\my_maven_local_repository\org\elasticsearch\plugin\reindex-client\5.6.10\reindex-client-5.6.10.jar;D:\my_maven_local_repository\org\elasticsearch\client\elasticsearch-rest-client\5.6.10\elasticsearch-rest-client-5.6.10.jar;D:\my_maven_local_repository\org\apache\httpcomponents\httpasyncclient\4.1.3\httpasyncclient-4.1.3.jar;D:\my_maven_local_repository\org\apache\httpcomponents\httpcore-nio\4.4.10\httpcore-nio-4.4.10.jar;D:\my_maven_local_repository\org\elasticsearch\plugin\lang-mustache-client\5.6.10\lang-mustache-client-5.6.10.jar;D:\my_maven_local_repository\com\github\spullara\mustache\java\compiler\0.9.3\compiler-0.9.3.jar;D:\my_maven_local_repository\org\elasticsearch\plugin\percolator-client\5.6.10\percolator-client-5.6.10.jar;D:\my_maven_local_repository\org\elasticsearch\plugin\parent-join-client\5.6.10\parent-join-client-5.6.10.jar;D:\my_maven_local_repository\org\elasticsearch\plugin\transport-netty4-client\5.6.10\transport-netty4-client-5.6.10.jar;D:\my_maven_local_repository\io\netty\netty-buffer\4.1.27.Final\netty-buffer-4.1.27.Final.jar;D:\my_maven_local_repository\io\netty\netty-codec\4.1.27.Final\netty-codec-4.1.27.Final.jar;D:\my_maven_local_repository\io\netty\netty-codec-http\4.1.27.Final\netty-codec-http-4.1.27.Final.jar;D:\my_maven_local_repository\io\netty\netty-common\4.1.27.Final\netty-common-4.1.27.Final.jar;D:\my_maven_local_repository\io\netty\netty-handler\4.1.27.Final\netty-handler-4.1.27.Final.jar;D:\my_maven_local_repository\io\netty\netty-resolver\4.1.27.Final\netty-resolver-4.1.27.Final.jar;D:\my_maven_local_repository\io\netty\netty-transport\4.1.27.Final\netty-transport-4.1.27.Final.jar;D:\my_maven_local_repository\org\locationtech\spatial4j\spatial4j\0.6\spatial4j-0.6.jar;D:\my_maven_local_repository\com\vividsolutions\jts\1.13\jts-1.13.jar;D:\my_maven_local_repository\org\apache\logging\log4j\log4j-api\2.10.0\log4j-api-2.10.0.jar;D:\my_maven_local_repository\org\elasticsearch\jna\4.4.0-1\jna-4.4.0-1.jar;D:\my_maven_local_repository\org\springframework\boot\spring-boot-starter-test\2.0.4.RELEASE\spring-boot-starter-test-2.0.4.RELEASE.jar;D:\my_maven_local_repository\org\springframework\boot\spring-boot-test\2.0.4.RELEASE\spring-boot-test-2.0.4.RELEASE.jar;D:\my_maven_local_repository\org\springframework\boot\spring-boot-test-autoconfigure\2.0.4.RELEASE\spring-boot-test-autoconfigure-2.0.4.RELEASE.jar;D:\my_maven_local_repository\com\jayway\jsonpath\json-path\2.4.0\json-path-2.4.0.jar;D:\my_maven_local_repository\net\minidev\json-smart\2.3\json-smart-2.3.jar;D:\my_maven_local_repository\net\minidev\accessors-smart\1.2\accessors-smart-1.2.jar;D:\my_maven_local_repository\org\ow2\asm\asm\5.0.4\asm-5.0.4.jar;D:\my_maven_local_repository\junit\junit\4.12\junit-4.12.jar;D:\my_maven_local_repository\org\assertj\assertj-core\3.9.1\assertj-core-3.9.1.jar;D:\my_maven_local_repository\org\mockito\mockito-core\2.15.0\mockito-core-2.15.0.jar;D:\my_maven_local_repository\net\bytebuddy\byte-buddy\1.7.11\byte-buddy-1.7.11.jar;D:\my_maven_local_repository\net\bytebuddy\byte-buddy-agent\1.7.11\byte-buddy-agent-1.7.11.jar;D:\my_maven_local_repository\org\objenesis\objenesis\2.6\objenesis-2.6.jar;D:\my_maven_local_repository\org\hamcrest\hamcrest-core\1.3\hamcrest-core-1.3.jar;D:\my_maven_local_repository\org\hamcrest\hamcrest-library\1.3\hamcrest-library-1.3.jar;D:\my_maven_local_repository\org\skyscreamer\jsonassert\1.5.0\jsonassert-1.5.0.jar;D:\my_maven_local_repository\com\vaadin\external\google\android-json\0.0.20131108.vaadin1\android-json-0.0.20131108.vaadin1.jar;D:\my_maven_local_repository\org\springframework\spring-core\5.0.8.RELEASE\spring-core-5.0.8.RELEASE.jar;D:\my_maven_local_repository\org\springframework\spring-jcl\5.0.8.RELEASE\spring-jcl-5.0.8.RELEASE.jar;D:\my_maven_local_repository\org\springframework\spring-test\5.0.8.RELEASE\spring-test-5.0.8.RELEASE.jar;D:\my_maven_local_repository\org\xmlunit\xmlunit-core\2.5.1\xmlunit-core-2.5.1.jar;D:\my_maven_local_repository\org\projectlombok\lombok\1.16.20\lombok-1.16.20.jar;E:\myproject\legou\legou-master\legou-item\legou-item-interface\target\legou-item-interface-1.0-SNAPSHOT.jar;D:\my_maven_local_repository\javax\persistence\persistence-api\1.0\persistence-api-1.0.jar;E:\myproject\legou\legou-master\legou-common\target\legou-common-1.0-SNAPSHOT.jar;D:\my_maven_local_repository\org\apache\commons\commons-lang3\3.7\commons-lang3-3.7.jar;"/>
    <property name="java.vm.vendor" value="Oracle Corporation"/>
    <property name="sun.arch.data.model" value="64"/>
    <property name="user.variant" value=""/>
    <property name="java.vendor.url" value="http://java.oracle.com/"/>
    <property name="user.timezone" value=""/>
    <property name="java.vm.specification.version" value="1.8"/>
    <property name="os.name" value="Windows 10"/>
    <property name="user.country" value="CN"/>
    <property name="sun.java.launcher" value="SUN_STANDARD"/>
    <property name="sun.boot.library.path" value="D:\jdk\jdk1.8\jre\bin"/>
    <property name="sun.java.command" value="C:\Users\wangk\AppData\Local\Temp\surefire7592999660706646784\surefirebooter1537269134038626286.jar C:\Users\wangk\AppData\Local\Temp\surefire7592999660706646784 2019-02-07T18-21-01_780-jvmRun1 surefire182316292769169525tmp surefire_03062366977697153132tmp"/>
    <property name="surefire.test.class.path" value="E:\myproject\legou\legou-master\legou-search\target\test-classes;E:\myproject\legou\legou-master\legou-search\target\classes;D:\my_maven_local_repository\org\springframework\boot\spring-boot-starter-web\2.0.4.RELEASE\spring-boot-starter-web-2.0.4.RELEASE.jar;D:\my_maven_local_repository\org\springframework\boot\spring-boot-starter\2.0.4.RELEASE\spring-boot-starter-2.0.4.RELEASE.jar;D:\my_maven_local_repository\org\springframework\boot\spring-boot\2.0.4.RELEASE\spring-boot-2.0.4.RELEASE.jar;D:\my_maven_local_repository\org\springframework\boot\spring-boot-autoconfigure\2.0.4.RELEASE\spring-boot-autoconfigure-2.0.4.RELEASE.jar;D:\my_maven_local_repository\org\springframework\boot\spring-boot-starter-logging\2.0.4.RELEASE\spring-boot-starter-logging-2.0.4.RELEASE.jar;D:\my_maven_local_repository\ch\qos\logback\logback-classic\1.2.3\logback-classic-1.2.3.jar;D:\my_maven_local_repository\ch\qos\logback\logback-core\1.2.3\logback-core-1.2.3.jar;D:\my_maven_local_repository\org\apache\logging\log4j\log4j-to-slf4j\2.10.0\log4j-to-slf4j-2.10.0.jar;D:\my_maven_local_repository\org\slf4j\jul-to-slf4j\1.7.25\jul-to-slf4j-1.7.25.jar;D:\my_maven_local_repository\javax\annotation\javax.annotation-api\1.3.2\javax.annotation-api-1.3.2.jar;D:\my_maven_local_repository\org\yaml\snakeyaml\1.19\snakeyaml-1.19.jar;D:\my_maven_local_repository\org\springframework\boot\spring-boot-starter-json\2.0.4.RELEASE\spring-boot-starter-json-2.0.4.RELEASE.jar;D:\my_maven_local_repository\com\fasterxml\jackson\core\jackson-databind\2.9.7\jackson-databind-2.9.7.jar;D:\my_maven_local_repository\com\fasterxml\jackson\datatype\jackson-datatype-jdk8\2.9.7\jackson-datatype-jdk8-2.9.7.jar;D:\my_maven_local_repository\com\fasterxml\jackson\datatype\jackson-datatype-jsr310\2.9.7\jackson-datatype-jsr310-2.9.7.jar;D:\my_maven_local_repository\com\fasterxml\jackson\module\jackson-module-parameter-names\2.9.7\jackson-module-parameter-names-2.9.7.jar;D:\my_maven_local_repository\org\springframework\boot\spring-boot-starter-tomcat\2.0.4.RELEASE\spring-boot-starter-tomcat-2.0.4.RELEASE.jar;D:\my_maven_local_repository\org\apache\tomcat\embed\tomcat-embed-core\8.5.32\tomcat-embed-core-8.5.32.jar;D:\my_maven_local_repository\org\apache\tomcat\embed\tomcat-embed-el\8.5.32\tomcat-embed-el-8.5.32.jar;D:\my_maven_local_repository\org\apache\tomcat\embed\tomcat-embed-websocket\8.5.32\tomcat-embed-websocket-8.5.32.jar;D:\my_maven_local_repository\org\hibernate\validator\hibernate-validator\6.0.11.Final\hibernate-validator-6.0.11.Final.jar;D:\my_maven_local_repository\javax\validation\validation-api\2.0.1.Final\validation-api-2.0.1.Final.jar;D:\my_maven_local_repository\org\jboss\logging\jboss-logging\3.3.2.Final\jboss-logging-3.3.2.Final.jar;D:\my_maven_local_repository\com\fasterxml\classmate\1.3.4\classmate-1.3.4.jar;D:\my_maven_local_repository\org\springframework\spring-web\5.0.8.RELEASE\spring-web-5.0.8.RELEASE.jar;D:\my_maven_local_repository\org\springframework\spring-beans\5.0.8.RELEASE\spring-beans-5.0.8.RELEASE.jar;D:\my_maven_local_repository\org\springframework\spring-webmvc\5.0.6.RELEASE\spring-webmvc-5.0.6.RELEASE.jar;D:\my_maven_local_repository\org\springframework\spring-aop\5.0.8.RELEASE\spring-aop-5.0.8.RELEASE.jar;D:\my_maven_local_repository\org\springframework\spring-context\5.0.8.RELEASE\spring-context-5.0.8.RELEASE.jar;D:\my_maven_local_repository\org\springframework\spring-expression\5.0.8.RELEASE\spring-expression-5.0.8.RELEASE.jar;D:\my_maven_local_repository\org\springframework\cloud\spring-cloud-starter-netflix-eureka-client\2.0.0.RELEASE\spring-cloud-starter-netflix-eureka-client-2.0.0.RELEASE.jar;D:\my_maven_local_repository\org\springframework\cloud\spring-cloud-starter\2.0.0.RELEASE\spring-cloud-starter-2.0.0.RELEASE.jar;D:\my_maven_local_repository\org\springframework\cloud\spring-cloud-context\2.0.0.RELEASE\spring-cloud-context-2.0.0.RELEASE.jar;D:\my_maven_local_repository\org\springframework\security\spring-security-rsa\1.0.5.RELEASE\spring-security-rsa-1.0.5.RELEASE.jar;D:\my_maven_local_repository\org\bouncycastle\bcpkix-jdk15on\1.56\bcpkix-jdk15on-1.56.jar;D:\my_maven_local_repository\org\bouncycastle\bcprov-jdk15on\1.56\bcprov-jdk15on-1.56.jar;D:\my_maven_local_repository\org\springframework\cloud\spring-cloud-netflix-core\2.0.0.RELEASE\spring-cloud-netflix-core-2.0.0.RELEASE.jar;D:\my_maven_local_repository\org\springframework\boot\spring-boot-starter-aop\2.0.4.RELEASE\spring-boot-starter-aop-2.0.4.RELEASE.jar;D:\my_maven_local_repository\org\aspectj\aspectjweaver\1.8.13\aspectjweaver-1.8.13.jar;D:\my_maven_local_repository\org\springframework\cloud\spring-cloud-netflix-eureka-client\2.0.0.RELEASE\spring-cloud-netflix-eureka-client-2.0.0.RELEASE.jar;D:\my_maven_local_repository\com\netflix\eureka\eureka-client\1.9.2\eureka-client-1.9.2.jar;D:\my_maven_local_repository\org\codehaus\jettison\jettison\1.3.7\jettison-1.3.7.jar;D:\my_maven_local_repository\stax\stax-api\1.0.1\stax-api-1.0.1.jar;D:\my_maven_local_repository\com\netflix\netflix-commons\netflix-eventbus\0.3.0\netflix-eventbus-0.3.0.jar;D:\my_maven_local_repository\com\netflix\netflix-commons\netflix-infix\0.3.0\netflix-infix-0.3.0.jar;D:\my_maven_local_repository\commons-jxpath\commons-jxpath\1.3\commons-jxpath-1.3.jar;D:\my_maven_local_repository\org\antlr\antlr-runtime\3.4\antlr-runtime-3.4.jar;D:\my_maven_local_repository\org\antlr\stringtemplate\3.2.1\stringtemplate-3.2.1.jar;D:\my_maven_local_repository\antlr\antlr\2.7.7\antlr-2.7.7.jar;D:\my_maven_local_repository\com\google\code\gson\gson\2.8.5\gson-2.8.5.jar;D:\my_maven_local_repository\org\apache\commons\commons-math\2.2\commons-math-2.2.jar;D:\my_maven_local_repository\com\netflix\archaius\archaius-core\0.7.6\archaius-core-0.7.6.jar;D:\my_maven_local_repository\com\google\guava\guava\16.0\guava-16.0.jar;D:\my_maven_local_repository\javax\ws\rs\jsr311-api\1.1.1\jsr311-api-1.1.1.jar;D:\my_maven_local_repository\com\netflix\servo\servo-core\0.12.21\servo-core-0.12.21.jar;D:\my_maven_local_repository\com\sun\jersey\jersey-core\1.19.1\jersey-core-1.19.1.jar;D:\my_maven_local_repository\com\sun\jersey\jersey-client\1.19.1\jersey-client-1.19.1.jar;D:\my_maven_local_repository\com\sun\jersey\contribs\jersey-apache-client4\1.19.1\jersey-apache-client4-1.19.1.jar;D:\my_maven_local_repository\org\apache\httpcomponents\httpclient\4.5.6\httpclient-4.5.6.jar;D:\my_maven_local_repository\org\apache\httpcomponents\httpcore\4.4.10\httpcore-4.4.10.jar;D:\my_maven_local_repository\commons-codec\commons-codec\1.11\commons-codec-1.11.jar;D:\my_maven_local_repository\com\google\inject\guice\4.1.0\guice-4.1.0.jar;D:\my_maven_local_repository\javax\inject\javax.inject\1\javax.inject-1.jar;D:\my_maven_local_repository\aopalliance\aopalliance\1.0\aopalliance-1.0.jar;D:\my_maven_local_repository\com\github\vlsi\compactmap\compactmap\1.2.1\compactmap-1.2.1.jar;D:\my_maven_local_repository\com\github\andrewoma\dexx\dexx-collections\0.2\dexx-collections-0.2.jar;D:\my_maven_local_repository\com\fasterxml\jackson\core\jackson-annotations\2.9.7\jackson-annotations-2.9.7.jar;D:\my_maven_local_repository\com\fasterxml\jackson\core\jackson-core\2.9.7\jackson-core-2.9.7.jar;D:\my_maven_local_repository\com\netflix\eureka\eureka-core\1.9.2\eureka-core-1.9.2.jar;D:\my_maven_local_repository\org\codehaus\woodstox\woodstox-core-asl\4.4.1\woodstox-core-asl-4.4.1.jar;D:\my_maven_local_repository\javax\xml\stream\stax-api\1.0-2\stax-api-1.0-2.jar;D:\my_maven_local_repository\org\codehaus\woodstox\stax2-api\3.1.4\stax2-api-3.1.4.jar;D:\my_maven_local_repository\org\springframework\cloud\spring-cloud-starter-netflix-archaius\2.0.0.RELEASE\spring-cloud-starter-netflix-archaius-2.0.0.RELEASE.jar;D:\my_maven_local_repository\org\springframework\cloud\spring-cloud-netflix-ribbon\2.0.0.RELEASE\spring-cloud-netflix-ribbon-2.0.0.RELEASE.jar;D:\my_maven_local_repository\org\springframework\cloud\spring-cloud-netflix-archaius\2.0.0.RELEASE\spring-cloud-netflix-archaius-2.0.0.RELEASE.jar;D:\my_maven_local_repository\commons-configuration\commons-configuration\1.8\commons-configuration-1.8.jar;D:\my_maven_local_repository\commons-lang\commons-lang\2.6\commons-lang-2.6.jar;D:\my_maven_local_repository\org\springframework\cloud\spring-cloud-starter-netflix-ribbon\2.0.0.RELEASE\spring-cloud-starter-netflix-ribbon-2.0.0.RELEASE.jar;D:\my_maven_local_repository\com\netflix\ribbon\ribbon\2.2.5\ribbon-2.2.5.jar;D:\my_maven_local_repository\com\netflix\ribbon\ribbon-transport\2.2.5\ribbon-transport-2.2.5.jar;D:\my_maven_local_repository\io\reactivex\rxnetty-contexts\0.4.9\rxnetty-contexts-0.4.9.jar;D:\my_maven_local_repository\io\reactivex\rxnetty-servo\0.4.9\rxnetty-servo-0.4.9.jar;D:\my_maven_local_repository\io\reactivex\rxnetty\0.4.9\rxnetty-0.4.9.jar;D:\my_maven_local_repository\io\netty\netty-transport-native-epoll\4.1.27.Final\netty-transport-native-epoll-4.1.27.Final.jar;D:\my_maven_local_repository\io\netty\netty-transport-native-unix-common\4.1.27.Final\netty-transport-native-unix-common-4.1.27.Final.jar;D:\my_maven_local_repository\com\netflix\ribbon\ribbon-core\2.2.5\ribbon-core-2.2.5.jar;D:\my_maven_local_repository\com\netflix\ribbon\ribbon-httpclient\2.2.5\ribbon-httpclient-2.2.5.jar;D:\my_maven_local_repository\commons-collections\commons-collections\3.2.2\commons-collections-3.2.2.jar;D:\my_maven_local_repository\com\netflix\netflix-commons\netflix-commons-util\0.3.0\netflix-commons-util-0.3.0.jar;D:\my_maven_local_repository\com\netflix\ribbon\ribbon-loadbalancer\2.2.5\ribbon-loadbalancer-2.2.5.jar;D:\my_maven_local_repository\com\netflix\netflix-commons\netflix-statistics\0.1.1\netflix-statistics-0.1.1.jar;D:\my_maven_local_repository\io\reactivex\rxjava\1.3.8\rxjava-1.3.8.jar;D:\my_maven_local_repository\com\netflix\ribbon\ribbon-eureka\2.2.5\ribbon-eureka-2.2.5.jar;D:\my_maven_local_repository\org\slf4j\slf4j-api\1.7.25\slf4j-api-1.7.25.jar;D:\my_maven_local_repository\com\thoughtworks\xstream\xstream\1.4.10\xstream-1.4.10.jar;D:\my_maven_local_repository\xmlpull\xmlpull\1.1.3.1\xmlpull-1.1.3.1.jar;D:\my_maven_local_repository\xpp3\xpp3_min\1.1.4c\xpp3_min-1.1.4c.jar;D:\my_maven_local_repository\org\springframework\cloud\spring-cloud-starter-openfeign\2.0.0.RELEASE\spring-cloud-starter-openfeign-2.0.0.RELEASE.jar;D:\my_maven_local_repository\org\springframework\cloud\spring-cloud-openfeign-core\2.0.0.RELEASE\spring-cloud-openfeign-core-2.0.0.RELEASE.jar;D:\my_maven_local_repository\org\springframework\cloud\spring-cloud-commons\2.0.0.RELEASE\spring-cloud-commons-2.0.0.RELEASE.jar;D:\my_maven_local_repository\org\springframework\security\spring-security-crypto\5.1.0.RELEASE\spring-security-crypto-5.1.0.RELEASE.jar;D:\my_maven_local_repository\io\github\openfeign\feign-core\9.5.1\feign-core-9.5.1.jar;D:\my_maven_local_repository\io\github\openfeign\feign-slf4j\9.5.1\feign-slf4j-9.5.1.jar;D:\my_maven_local_repository\io\github\openfeign\feign-hystrix\9.5.1\feign-hystrix-9.5.1.jar;D:\my_maven_local_repository\com\netflix\hystrix\hystrix-core\1.5.12\hystrix-core-1.5.12.jar;D:\my_maven_local_repository\org\hdrhistogram\HdrHistogram\2.1.9\HdrHistogram-2.1.9.jar;D:\my_maven_local_repository\io\github\openfeign\feign-java8\9.5.1\feign-java8-9.5.1.jar;D:\my_maven_local_repository\org\springframework\boot\spring-boot-starter-amqp\2.1.0.M4\spring-boot-starter-amqp-2.1.0.M4.jar;D:\my_maven_local_repository\org\springframework\spring-messaging\5.0.8.RELEASE\spring-messaging-5.0.8.RELEASE.jar;D:\my_maven_local_repository\org\springframework\amqp\spring-rabbit\2.0.5.RELEASE\spring-rabbit-2.0.5.RELEASE.jar;D:\my_maven_local_repository\org\springframework\amqp\spring-amqp\2.0.5.RELEASE\spring-amqp-2.0.5.RELEASE.jar;D:\my_maven_local_repository\com\rabbitmq\amqp-client\5.1.2\amqp-client-5.1.2.jar;D:\my_maven_local_repository\org\springframework\spring-tx\5.0.8.RELEASE\spring-tx-5.0.8.RELEASE.jar;D:\my_maven_local_repository\org\springframework\retry\spring-retry\1.2.2.RELEASE\spring-retry-1.2.2.RELEASE.jar;D:\my_maven_local_repository\org\springframework\boot\spring-boot-starter-data-elasticsearch\2.0.4.RELEASE\spring-boot-starter-data-elasticsearch-2.0.4.RELEASE.jar;D:\my_maven_local_repository\org\springframework\data\spring-data-elasticsearch\3.0.9.RELEASE\spring-data-elasticsearch-3.0.9.RELEASE.jar;D:\my_maven_local_repository\org\springframework\data\spring-data-commons\2.0.9.RELEASE\spring-data-commons-2.0.9.RELEASE.jar;D:\my_maven_local_repository\joda-time\joda-time\2.9.9\joda-time-2.9.9.jar;D:\my_maven_local_repository\org\elasticsearch\client\transport\5.6.10\transport-5.6.10.jar;D:\my_maven_local_repository\org\elasticsearch\elasticsearch\5.6.10\elasticsearch-5.6.10.jar;D:\my_maven_local_repository\org\apache\lucene\lucene-core\6.6.1\lucene-core-6.6.1.jar;D:\my_maven_local_repository\org\apache\lucene\lucene-analyzers-common\6.6.1\lucene-analyzers-common-6.6.1.jar;D:\my_maven_local_repository\org\apache\lucene\lucene-backward-codecs\6.6.1\lucene-backward-codecs-6.6.1.jar;D:\my_maven_local_repository\org\apache\lucene\lucene-grouping\6.6.1\lucene-grouping-6.6.1.jar;D:\my_maven_local_repository\org\apache\lucene\lucene-highlighter\6.6.1\lucene-highlighter-6.6.1.jar;D:\my_maven_local_repository\org\apache\lucene\lucene-join\6.6.1\lucene-join-6.6.1.jar;D:\my_maven_local_repository\org\apache\lucene\lucene-memory\6.6.1\lucene-memory-6.6.1.jar;D:\my_maven_local_repository\org\apache\lucene\lucene-misc\6.6.1\lucene-misc-6.6.1.jar;D:\my_maven_local_repository\org\apache\lucene\lucene-queries\6.6.1\lucene-queries-6.6.1.jar;D:\my_maven_local_repository\org\apache\lucene\lucene-queryparser\6.6.1\lucene-queryparser-6.6.1.jar;D:\my_maven_local_repository\org\apache\lucene\lucene-sandbox\6.6.1\lucene-sandbox-6.6.1.jar;D:\my_maven_local_repository\org\apache\lucene\lucene-spatial\6.6.1\lucene-spatial-6.6.1.jar;D:\my_maven_local_repository\org\apache\lucene\lucene-spatial-extras\6.6.1\lucene-spatial-extras-6.6.1.jar;D:\my_maven_local_repository\org\apache\lucene\lucene-spatial3d\6.6.1\lucene-spatial3d-6.6.1.jar;D:\my_maven_local_repository\org\apache\lucene\lucene-suggest\6.6.1\lucene-suggest-6.6.1.jar;D:\my_maven_local_repository\org\elasticsearch\securesm\1.2\securesm-1.2.jar;D:\my_maven_local_repository\net\sf\jopt-simple\jopt-simple\5.0.2\jopt-simple-5.0.2.jar;D:\my_maven_local_repository\com\carrotsearch\hppc\0.7.1\hppc-0.7.1.jar;D:\my_maven_local_repository\com\fasterxml\jackson\dataformat\jackson-dataformat-smile\2.9.7\jackson-dataformat-smile-2.9.7.jar;D:\my_maven_local_repository\com\fasterxml\jackson\dataformat\jackson-dataformat-yaml\2.9.7\jackson-dataformat-yaml-2.9.7.jar;D:\my_maven_local_repository\com\fasterxml\jackson\dataformat\jackson-dataformat-cbor\2.9.7\jackson-dataformat-cbor-2.9.7.jar;D:\my_maven_local_repository\com\tdunning\t-digest\3.0\t-digest-3.0.jar;D:\my_maven_local_repository\org\elasticsearch\plugin\reindex-client\5.6.10\reindex-client-5.6.10.jar;D:\my_maven_local_repository\org\elasticsearch\client\elasticsearch-rest-client\5.6.10\elasticsearch-rest-client-5.6.10.jar;D:\my_maven_local_repository\org\apache\httpcomponents\httpasyncclient\4.1.3\httpasyncclient-4.1.3.jar;D:\my_maven_local_repository\org\apache\httpcomponents\httpcore-nio\4.4.10\httpcore-nio-4.4.10.jar;D:\my_maven_local_repository\org\elasticsearch\plugin\lang-mustache-client\5.6.10\lang-mustache-client-5.6.10.jar;D:\my_maven_local_repository\com\github\spullara\mustache\java\compiler\0.9.3\compiler-0.9.3.jar;D:\my_maven_local_repository\org\elasticsearch\plugin\percolator-client\5.6.10\percolator-client-5.6.10.jar;D:\my_maven_local_repository\org\elasticsearch\plugin\parent-join-client\5.6.10\parent-join-client-5.6.10.jar;D:\my_maven_local_repository\org\elasticsearch\plugin\transport-netty4-client\5.6.10\transport-netty4-client-5.6.10.jar;D:\my_maven_local_repository\io\netty\netty-buffer\4.1.27.Final\netty-buffer-4.1.27.Final.jar;D:\my_maven_local_repository\io\netty\netty-codec\4.1.27.Final\netty-codec-4.1.27.Final.jar;D:\my_maven_local_repository\io\netty\netty-codec-http\4.1.27.Final\netty-codec-http-4.1.27.Final.jar;D:\my_maven_local_repository\io\netty\netty-common\4.1.27.Final\netty-common-4.1.27.Final.jar;D:\my_maven_local_repository\io\netty\netty-handler\4.1.27.Final\netty-handler-4.1.27.Final.jar;D:\my_maven_local_repository\io\netty\netty-resolver\4.1.27.Final\netty-resolver-4.1.27.Final.jar;D:\my_maven_local_repository\io\netty\netty-transport\4.1.27.Final\netty-transport-4.1.27.Final.jar;D:\my_maven_local_repository\org\locationtech\spatial4j\spatial4j\0.6\spatial4j-0.6.jar;D:\my_maven_local_repository\com\vividsolutions\jts\1.13\jts-1.13.jar;D:\my_maven_local_repository\org\apache\logging\log4j\log4j-api\2.10.0\log4j-api-2.10.0.jar;D:\my_maven_local_repository\org\elasticsearch\jna\4.4.0-1\jna-4.4.0-1.jar;D:\my_maven_local_repository\org\springframework\boot\spring-boot-starter-test\2.0.4.RELEASE\spring-boot-starter-test-2.0.4.RELEASE.jar;D:\my_maven_local_repository\org\springframework\boot\spring-boot-test\2.0.4.RELEASE\spring-boot-test-2.0.4.RELEASE.jar;D:\my_maven_local_repository\org\springframework\boot\spring-boot-test-autoconfigure\2.0.4.RELEASE\spring-boot-test-autoconfigure-2.0.4.RELEASE.jar;D:\my_maven_local_repository\com\jayway\jsonpath\json-path\2.4.0\json-path-2.4.0.jar;D:\my_maven_local_repository\net\minidev\json-smart\2.3\json-smart-2.3.jar;D:\my_maven_local_repository\net\minidev\accessors-smart\1.2\accessors-smart-1.2.jar;D:\my_maven_local_repository\org\ow2\asm\asm\5.0.4\asm-5.0.4.jar;D:\my_maven_local_repository\junit\junit\4.12\junit-4.12.jar;D:\my_maven_local_repository\org\assertj\assertj-core\3.9.1\assertj-core-3.9.1.jar;D:\my_maven_local_repository\org\mockito\mockito-core\2.15.0\mockito-core-2.15.0.jar;D:\my_maven_local_repository\net\bytebuddy\byte-buddy\1.7.11\byte-buddy-1.7.11.jar;D:\my_maven_local_repository\net\bytebuddy\byte-buddy-agent\1.7.11\byte-buddy-agent-1.7.11.jar;D:\my_maven_local_repository\org\objenesis\objenesis\2.6\objenesis-2.6.jar;D:\my_maven_local_repository\org\hamcrest\hamcrest-core\1.3\hamcrest-core-1.3.jar;D:\my_maven_local_repository\org\hamcrest\hamcrest-library\1.3\hamcrest-library-1.3.jar;D:\my_maven_local_repository\org\skyscreamer\jsonassert\1.5.0\jsonassert-1.5.0.jar;D:\my_maven_local_repository\com\vaadin\external\google\android-json\0.0.20131108.vaadin1\android-json-0.0.20131108.vaadin1.jar;D:\my_maven_local_repository\org\springframework\spring-core\5.0.8.RELEASE\spring-core-5.0.8.RELEASE.jar;D:\my_maven_local_repository\org\springframework\spring-jcl\5.0.8.RELEASE\spring-jcl-5.0.8.RELEASE.jar;D:\my_maven_local_repository\org\springframework\spring-test\5.0.8.RELEASE\spring-test-5.0.8.RELEASE.jar;D:\my_maven_local_repository\org\xmlunit\xmlunit-core\2.5.1\xmlunit-core-2.5.1.jar;D:\my_maven_local_repository\org\projectlombok\lombok\1.16.20\lombok-1.16.20.jar;E:\myproject\legou\legou-master\legou-item\legou-item-interface\target\legou-item-interface-1.0-SNAPSHOT.jar;D:\my_maven_local_repository\javax\persistence\persistence-api\1.0\persistence-api-1.0.jar;E:\myproject\legou\legou-master\legou-common\target\legou-common-1.0-SNAPSHOT.jar;D:\my_maven_local_repository\org\apache\commons\commons-lang3\3.7\commons-lang3-3.7.jar;"/>
    <property name="sun.cpu.endian" value="little"/>
    <property name="user.home" value="C:\Users\wangk"/>
    <property name="user.language" value="zh"/>
    <property name="java.specification.vendor" value="Oracle Corporation"/>
    <property name="java.home" value="D:\jdk\jdk1.8\jre"/>
    <property name="basedir" value="E:\myproject\legou\legou-master\legou-search"/>
    <property name="file.separator" value="\"/>
    <property name="line.separator" value="&#10;"/>
    <property name="java.vm.specification.vendor" value="Oracle Corporation"/>
    <property name="java.specification.name" value="Java Platform API Specification"/>
    <property name="java.awt.graphicsenv" value="sun.awt.Win32GraphicsEnvironment"/>
    <property name="surefire.real.class.path" value="C:\Users\wangk\AppData\Local\Temp\surefire7592999660706646784\surefirebooter1537269134038626286.jar"/>
    <property name="sun.boot.class.path" value="D:\jdk\jdk1.8\jre\lib\resources.jar;D:\jdk\jdk1.8\jre\lib\rt.jar;D:\jdk\jdk1.8\jre\lib\sunrsasign.jar;D:\jdk\jdk1.8\jre\lib\jsse.jar;D:\jdk\jdk1.8\jre\lib\jce.jar;D:\jdk\jdk1.8\jre\lib\charsets.jar;D:\jdk\jdk1.8\jre\lib\jfr.jar;D:\jdk\jdk1.8\jre\classes"/>
    <property name="user.script" value=""/>
    <property name="sun.management.compiler" value="HotSpot 64-Bit Tiered Compilers"/>
    <property name="java.runtime.version" value="1.8.0_191-b12"/>
    <property name="user.name" value="wangk"/>
    <property name="path.separator" value=";"/>
    <property name="os.version" value="10.0"/>
    <property name="java.endorsed.dirs" value="D:\jdk\jdk1.8\jre\lib\endorsed"/>
    <property name="java.runtime.name" value="Java(TM) SE Runtime Environment"/>
    <property name="file.encoding" value="GBK"/>
    <property name="java.vm.name" value="Java HotSpot(TM) 64-Bit Server VM"/>
    <property name="localRepository" value="D:\my_maven_local_repository"/>
    <property name="java.vendor.url.bug" value="http://bugreport.sun.com/bugreport/"/>
    <property name="java.io.tmpdir" value="C:\Users\wangk\AppData\Local\Temp\"/>
    <property name="idea.version" value="2016.1.3"/>
    <property name="java.version" value="1.8.0_191"/>
    <property name="user.dir" value="E:\myproject\legou\legou-master\legou-search"/>
    <property name="os.arch" value="amd64"/>
    <property name="java.vm.specification.name" value="Java Virtual Machine Specification"/>
    <property name="java.awt.printerjob" value="sun.awt.windows.WPrinterJob"/>
    <property name="sun.os.patch.level" value=""/>
    <property name="java.library.path" value="D:\jdk\jdk1.8\jre\bin;C:\WINDOWS\Sun\Java\bin;C:\WINDOWS\system32;C:\WINDOWS;D:\xshell\installfile\;C:\Program Files\Java\jdk1.8.0_191\bin;C:\Program Files (x86)\Common Files\Oracle\Java\javapath;C:\WINDOWS\system32;C:\WINDOWS;C:\WINDOWS\System32\Wbem;C:\WINDOWS\System32\WindowsPowerShell\v1.0\;C:\Program Files\Intel\WiFi\bin\;C:\Program Files\Common Files\Intel\WirelessCommon\;C:\WINDOWS\System32\OpenSSH\;D:\apache-maven-3.6.0\bin;D:\mysql\mysql-5.6.42-winx64\bin;D:\git\installfile\Git\cmd;D:\node\installfile\;C:\Users\wangk\AppData\Local\Microsoft\WindowsApps;C:\Users\wangk\AppData\Roaming\npm;."/>
    <property name="java.vm.info" value="mixed mode"/>
    <property name="java.vendor" value="Oracle Corporation"/>
    <property name="java.vm.version" value="25.191-b12"/>
    <property name="java.ext.dirs" value="D:\jdk\jdk1.8\jre\lib\ext;C:\WINDOWS\Sun\Java\lib\ext"/>
    <property name="sun.io.unicode.encoding" value="UnicodeLittle"/>
    <property name="java.class.version" value="52.0"/>
  </properties>
  <testcase name="initializationError" classname="cn.wangkf.client.CategoryClientTest" time="0.006">
    <error message="No runnable methods" type="java.lang.Exception">java.lang.Exception: No runnable methods
</error>
  </testcase>
</testsuite>